<?xml version="1.0" encoding="UTF-8"?>
<testng-results ignored="0" total="1" passed="1" failed="0" skipped="0">
  <reporter-output>
  </reporter-output>
  <suite started-at="2023-08-27T19:33:28 IST" name="EditorTestSuite" finished-at="2023-08-27T19:34:20 IST" duration-ms="52207">
    <groups>
    </groups>
    <test started-at="2023-08-27T19:33:28 IST" name="EditorTests" finished-at="2023-08-27T19:34:20 IST" duration-ms="52207">
      <class name="com.herokuapp.theinternet.editortests.EditorTests">
        <test-method is-config="true" signature="setUp(java.lang.String,org.testng.ITestContext)[pri:0, instance:com.herokuapp.theinternet.editortests.EditorTests@3349e9bb]" started-at="2023-08-27T19:33:28 IST" name="setUp" finished-at="2023-08-27T19:34:12 IST" duration-ms="43720" status="PASS">
          <params>
            <param index="0">
              <value>
                <![CDATA[chrome]]>
              </value>
            </param>
            <param index="1">
              <value>
                <![CDATA[org.testng.TestRunner@53e800f9]]>
              </value>
            </param>
          </params>
          <reporter-output>
          </reporter-output>
        </test-method> <!-- setUp -->
        <test-method signature="defaultEditorValueTest()[pri:0, instance:com.herokuapp.theinternet.editortests.EditorTests@3349e9bb]" started-at="2023-08-27T19:34:12 IST" name="defaultEditorValueTest" finished-at="2023-08-27T19:34:19 IST" duration-ms="7104" status="PASS">
          <reporter-output>
          </reporter-output>
        </test-method> <!-- defaultEditorValueTest -->
        <test-method is-config="true" signature="tearDown()[pri:0, instance:com.herokuapp.theinternet.editortests.EditorTests@3349e9bb]" started-at="2023-08-27T19:34:19 IST" name="tearDown" finished-at="2023-08-27T19:34:20 IST" duration-ms="1299" status="PASS">
          <reporter-output>
          </reporter-output>
        </test-method> <!-- tearDown -->
      </class> <!-- com.herokuapp.theinternet.editortests.EditorTests -->
    </test> <!-- EditorTests -->
  </suite> <!-- EditorTestSuite -->
</testng-results>
